Fri Nov 23 13:51:12 EST 2012 : Apache Derby Network Server - 10.8.2.2 - (1181258) started and ready to accept connections on port 1527
----------------------------------------------------------------
Fri Nov 23 13:51:40 EST 2012:
Booting Derby version The Apache Software Foundation - Apache Derby - 10.8.2.2 - (1181258): instance a816c00e-013b-2e9b-fa8a-00000000002e 
on database directory C:\Users\Daniel\Desktop\stock-analyzer\StockAnalyzer\stockData  with class loader sun.misc.Launcher$AppClassLoader@1eec612 
Loaded from file:/C:/eclipse/plugins/org.apache.derby.core_10.8.2/derby.jar
java.vendor=Oracle Corporation
java.runtime.version=1.7.0_01-b08
user.dir=C:\Users\Daniel\Desktop\stock-analyzer\StockAnalyzer
derby.system.home=.
Database Class Loader started - derby.database.classpath=''
----------------------------------------------------------------
Fri Nov 23 13:51:56 EST 2012:
Booting Derby version The Apache Software Foundation - Apache Derby - 10.8.2.2 - (1181258): instance 0b5b0099-013b-2e9b-fa8a-00000000002e 
on database directory C:\Users\Daniel\Desktop\stock-analyzer\StockAnalyzer\myDB  with class loader sun.misc.Launcher$AppClassLoader@1eec612 
Loaded from file:/C:/eclipse/plugins/org.apache.derby.core_10.8.2/derby.jar
java.vendor=Oracle Corporation
java.runtime.version=1.7.0_01-b08
user.dir=C:\Users\Daniel\Desktop\stock-analyzer\StockAnalyzer
derby.system.home=.
Database Class Loader started - derby.database.classpath=''
----------------------------------------------------------------
Fri Nov 23 13:58:24 EST 2012:
Shutting down instance 0b5b0099-013b-2e9b-fa8a-00000000002e on database directory C:\Users\Daniel\Desktop\stock-analyzer\StockAnalyzer\myDB with class loader sun.misc.Launcher$AppClassLoader@1eec612 
Fri Nov 23 13:58:25 EST 2012 Thread[DRDAConnThread_5,5,main] (DATABASE = myDB), (DRDAID = {5}), Database 'myDB' shutdown.
